\BOOKMARK [1][]{section*.2}{\376\377\000\332\000v\000o\000d}{}% 1
\BOOKMARK [1][]{section.3}{\376\377\000T\000e\000o\000r\000e\000t\000i\000c\000k\000\351\000\040\000v\000\375\000c\000h\000o\000d\000i\000s\000k\000\341}{}% 2
\BOOKMARK [2][]{subsection.4}{\376\377\000N\000o\000m\000e\000n\000k\000l\000\341\000t\000o\000r\000y}{section.3}% 3
\BOOKMARK [3][]{subsubsection.7}{\376\377\000S\000u\000b\000s\000t\000i\000t\000u\001\015\000n\000\341\000\040\001\141\000i\000f\000r\000a}{subsection.4}% 4
\BOOKMARK [3][]{subsubsection.8}{\376\377\000J\000e\000d\000n\000o\000d\000u\000c\000h\000\341\000\040\000s\000u\000b\000s\000t\000i\000t\000u\001\015\000n\000\341\000\040\001\141\000i\000f\000r\000a}{subsection.4}% 5
\BOOKMARK [3][]{subsubsection.9}{\376\377\000M\000o\000n\000o\000a\000l\000p\000h\000a\000b\000e\000t\000i\000c\000k\000\341\000\040\000a\000\040\000h\000o\000m\000o\000f\000\363\000n\000n\000a\000\040\000s\000u\000b\000s\000t\000i\000t\000\372\000c\000i\000a}{subsection.4}% 6
\BOOKMARK [3][]{subsubsection.10}{\376\377\000B\000i\000g\000r\000a\000m\000o\000v\000\341\000\040\000a\000\040\000t\000r\000i\000g\000r\000a\000m\000o\000v\000\341\000\040\000s\000u\000b\000s\000t\000i\000t\000\372\000c\000i\000a}{subsection.4}% 7
\BOOKMARK [3][]{subsubsection.11}{\376\377\000K\000\363\000d\000o\000v\000\351\000\040\000s\000l\000o\000v\000\341}{subsection.4}% 8
\BOOKMARK [3][]{subsubsection.12}{\376\377\000N\000u\000l\000l\000y\000\040\000a\000\040\000d\000o\000p\000l\000n\000k\000o\000v\000\351\000\040\000z\000n\000a\000k\000y}{subsection.4}% 9
\BOOKMARK [2][]{subsection.13}{\376\377\000U\000m\000e\000l\000\341\000\040\000i\000n\000t\000e\000l\000i\000g\000e\000n\000c\000i\000a\000\040\000p\000r\000e\000\040\000p\000o\000r\000o\000z\000u\000m\000e\000n\000i\000e\000\040\000r\000u\000k\000o\000u\000\040\000p\000\355\000s\000a\000n\000\375\000c\000h\000\040\000d\000o\000k\000u\000m\000e\000n\000t\000o\000v}{section.3}% 10
\BOOKMARK [3][]{subsubsection.14}{\376\377\000D\000e\000t\000e\000k\000c\000i\000a\000\040\000o\000b\000j\000e\000k\000t\000o\000v\000\040\000v\000\040\000o\000b\000r\000a\000z\000e}{subsection.13}% 11
\BOOKMARK [3][]{subsubsection.15}{\376\377\000P\000r\000i\000n\000c\000\355\000p\000y\000\040\000d\000e\000t\000e\000k\000c\000i\000e\000\040\000o\000b\000j\000e\000k\000t\000o\000v}{subsection.13}% 12
\BOOKMARK [3][]{subsubsection.16}{\376\377\001\140\000p\000e\000c\000i\000f\000i\000k\000\341\000\040\000s\000p\000r\000a\000c\000o\000v\000a\000n\000i\000a\000\040\000r\000u\000k\000o\000u\000\040\000p\000\355\000s\000a\000n\000\351\000h\000o\000\040\000t\000e\000x\000t\000u}{subsection.13}% 13
\BOOKMARK [1][]{section.17}{\376\377\000A\000n\000a\000l\000\375\000z\000a\000\040\000s\000\372\001\015\000a\000s\000n\000\351\000h\000o\000\040\000s\000t\000a\000v\000u\000\040\000a\000\040\000n\000\341\000v\000r\000h\000\040\000r\000i\000e\001\141\000e\000n\000i\000a}{}% 14
\BOOKMARK [2][]{subsection.18}{\376\377\000P\000r\000e\000h\001\076\000a\000d\000\040\000e\000x\000i\000s\000t\000u\000j\000\372\000c\000i\000c\000h\000\040\000p\000r\000\355\000s\000t\000u\000p\000o\000v\000\040\000k\000\040\000d\000e\000t\000e\000k\000c\000i\000i\000\040\000d\000o\000k\000u\000m\000e\000n\000t\000o\000v}{section.17}% 15
\BOOKMARK [3][]{subsubsection.19}{\376\377\000T\000r\000a\000d\000i\001\015\000n\000\351\000\040\000m\000e\000t\000\363\000d\000y\000\040\000\050\000n\000a\000p\000r\000.\000\040\000z\000a\000l\000o\001\176\000e\000n\000\351\000\040\000n\000a\000\040\000p\000r\000a\000v\000i\000d\000l\000\341\000c\000h\000,\000\040\000p\000r\000o\000j\000e\000k\001\015\000n\000\375\000c\000h\000\040\000p\000r\000o\000f\000i\000l\000o\000c\000h\000\051}{subsection.18}% 16
\BOOKMARK [3][]{subsubsection.20}{\376\377\000M\000e\000t\000\363\000d\000y\000\040\000z\000a\000l\000o\001\176\000e\000n\000\351\000\040\000n\000a\000\040\000s\000t\000r\000o\000j\000o\000v\000o\000m\000\040\000u\001\015\000e\000n\000\355\000\040\000a\000\040\000h\000l\000b\000o\000k\000o\000m\000\040\000u\001\015\000e\000n\000\355}{subsection.18}% 17
\BOOKMARK [2][]{subsection.21}{\376\377\000P\000r\000e\000h\001\076\000a\000d\000\040\000v\000y\000u\001\176\000i\000t\000i\000a\000\040\000A\000I\000\040\000p\000r\000i\000\040\000a\000n\000a\000l\000\375\000z\000e\000\040\000h\000i\000s\000t\000o\000r\000i\000c\000k\000\375\000c\000h\000\040\000d\000o\000k\000u\000m\000e\000n\000t\000o\000v\000\040\000a\000\040\001\141\000i\000f\000i\000e\000r}{section.17}% 18
\BOOKMARK [2][]{subsection.22}{\376\377\000V\000o\001\076\000b\000a\000\040\000t\000e\000c\000h\000n\000o\000l\000\363\000g\000i\000e\000\040\000p\000r\000e\000\040\000d\000e\000t\000e\000k\000c\000i\000u}{section.17}% 19
\BOOKMARK [3][]{subsubsection.23}{\376\377\000Z\000d\000\364\000v\000o\000d\000n\000e\000n\000i\000e\000\040\000v\000\375\000b\000e\000r\000u\000\040\000Y\000O\000L\000O\000\040\000\050\000Y\000o\000u\000\040\000O\000n\000l\000y\000\040\000L\000o\000o\000k\000\040\000O\000n\000c\000e\000\051}{subsection.22}% 20
\BOOKMARK [3][]{subsubsection.24}{\376\377\000P\000r\000e\000d\000s\000t\000a\000v\000e\000n\000i\000e\000\040\000a\000r\000c\000h\000i\000t\000e\000k\000t\000\372\000r\000y\000\040\000Y\000O\000L\000O\0001\0001}{subsection.22}% 21
\BOOKMARK [2][]{subsection.25}{\376\377\000N\000a\000v\000r\000h\000o\000v\000a\000n\000\375\000\040\000s\000y\000s\000t\000\351\000m\000\040\000d\000e\000t\000e\000k\000c\000i\000e}{section.17}% 22
\BOOKMARK [1][]{section.26}{\376\377\000P\000r\000\355\000p\000r\000a\000v\000a\000\040\000d\000\341\000t\000o\000v\000e\000j\000\040\000s\000a\000d\000y\000\040\000\050\000D\000a\000t\000a\000s\000e\000t\000u\000\051}{}% 23
\BOOKMARK [2][]{subsection.27}{\376\377\000Z\000d\000r\000o\000j\000\040\000a\000\040\000c\000h\000a\000r\000a\000k\000t\000e\000r\000i\000s\000t\000i\000k\000a\000\040\000d\000\341\000t}{section.26}% 24
\BOOKMARK [2][]{subsection.28}{\376\377\000P\000o\000p\000i\000s\000\040\000d\000\341\000t\000o\000v\000e\000j\000\040\000s\000a\000d\000y}{section.26}% 25
\BOOKMARK [2][]{subsection.29}{\376\377\000A\000n\000o\000t\000\341\000c\000i\000a\000\040\000d\000\341\000t}{section.26}% 26
\BOOKMARK [3][]{subsubsection.30}{\376\377\000D\000e\000f\000i\000n\000o\000v\000a\000n\000i\000e\000\040\000t\000r\000i\000e\000d\000\040\000p\000r\000e\000\040\000d\000e\000t\000e\000k\000c\000i\000u\000\040\000o\000b\000j\000e\000k\000t\000o\000v}{subsection.29}% 27
\BOOKMARK [3][]{subsubsection.35}{\376\377\000P\000r\000o\000c\000e\000s\000\040\000a\000\040\000n\000\341\000s\000t\000r\000o\000j\000e\000\040\000a\000n\000o\000t\000\341\000c\000i\000e}{subsection.29}% 28
\BOOKMARK [2][]{subsection.36}{\376\377\000R\000o\000z\000d\000e\000l\000e\000n\000i\000e\000\040\000d\000\341\000t\000o\000v\000e\000j\000\040\000s\000a\000d\000y}{section.26}% 29
\BOOKMARK [2][]{subsection.37}{\376\377\000P\000r\000e\000d\000s\000p\000r\000a\000c\000o\000v\000a\000n\000i\000e\000\040\000a\000\040\000a\000u\000g\000m\000e\000n\000t\000\341\000c\000i\000a\000\040\000d\000\341\000t}{section.26}% 30
\BOOKMARK [3][]{subsubsection.38}{\376\377\000P\000\364\000v\000o\000d\000n\000\341\000\040\000p\000o\000d\000o\000b\000a\000\040\000d\000a\000t\000a\000s\000e\000t\000u}{subsection.37}% 31
\BOOKMARK [3][]{subsubsection.39}{\376\377\000B\000i\000n\000a\000r\000i\000z\000\341\000c\000i\000a\000\040\000d\000\341\000t}{subsection.37}% 32
\BOOKMARK [3][]{subsubsection.42}{\376\377\000A\000u\000g\000m\000e\000n\000t\000\341\000c\000i\000a\000\040\000d\000\341\000t}{subsection.37}% 33
\BOOKMARK [1][]{section.44}{\376\377\000I\000m\000p\000l\000e\000m\000e\000n\000t\000\341\000c\000i\000a\000\040\000a\000\040\000e\000x\000p\000e\000r\000i\000m\000e\000n\000t\000y}{}% 34
\BOOKMARK [2][]{subsection.45}{\376\377\000P\000o\000u\001\176\000i\000t\000\351\000\040\000n\000\341\000s\000t\000r\000o\000j\000e\000\040\000a\000\040\000p\000r\000o\000s\000t\000r\000e\000d\000i\000e}{section.44}% 35
\BOOKMARK [2][]{subsection.46}{\376\377\000K\000o\000n\000f\000i\000g\000u\000r\000\341\000c\000i\000a\000\040\000m\000o\000d\000e\000l\000u\000\040\000Y\000O\000L\000O\0001\0001}{section.44}% 36
\BOOKMARK [2][]{subsection.47}{\376\377\000T\000r\000\351\000n\000i\000n\000g\000o\000v\000\351\000\040\000p\000a\000r\000a\000m\000e\000t\000r\000e}{section.44}% 37
\BOOKMARK [2][]{subsection.48}{\376\377\000V\000\375\000b\000e\000r\000\040\000m\000o\000d\000e\000l\000u}{section.44}% 38
\BOOKMARK [3][]{subsubsection.49}{\376\377\000Y\000O\000L\000O\0001\0001\000n}{subsection.48}% 39
\BOOKMARK [3][]{subsubsection.51}{\376\377\000Y\000O\000L\000O\0001\0001\000s}{subsection.48}% 40
\BOOKMARK [3][]{subsubsection.53}{\376\377\000Y\000O\000L\000O\0001\0001\000m}{subsection.48}% 41
\BOOKMARK [3][]{subsubsection.55}{\376\377\000Y\000O\000L\000O\0001\0001\000l}{subsection.48}% 42
\BOOKMARK [3][]{subsubsection.57}{\376\377\000Y\000O\000L\000O\0001\0001\000x}{subsection.48}% 43
\BOOKMARK [3][]{subsubsection.59}{\376\377\000V\000\375\000b\000e\000r\000\040\000m\000o\000d\000e\000l\000u\000\040\000p\000r\000e\000\040\001\017\000a\000l\001\141\000i\000e\000\040\000e\000x\000p\000e\000r\000i\000m\000e\000n\000t\000y}{subsection.48}% 44
\BOOKMARK [2][]{subsection.61}{\376\377\000E\000x\000p\000e\000r\000i\000m\000e\000n\000t\000y\000\040\000s\000\040\000p\000\364\000v\000o\000d\000n\000\375\000m\000\040\000d\000a\000t\000a\000s\000e\000t\000o\000m}{section.44}% 45
\BOOKMARK [3][]{subsubsection.62}{\376\377\000T\000r\000\351\000n\000i\000n\000g\000\040\000p\000\364\000v\000o\000d\000n\000\351\000h\000o\000\040\000d\000a\000t\000a\000s\000e\000t\000u\000\040\040\023\000\040\0003\0000\000\040\000e\000p\000o\000c\000h}{subsection.61}% 46
\BOOKMARK [3][]{subsubsection.64}{\376\377\000T\000r\000\351\000n\000i\000n\000g\000\040\000p\000\364\000v\000o\000d\000n\000\351\000h\000o\000\040\000d\000a\000t\000a\000s\000e\000t\000u\000\040\040\023\000\040\0005\0000\000\040\000e\000p\000o\000c\000h}{subsection.61}% 47
\BOOKMARK [3][]{subsubsection.66}{\376\377\000T\000r\000\351\000n\000i\000n\000g\000\040\000p\000\364\000v\000o\000d\000n\000\351\000h\000o\000\040\000d\000a\000t\000a\000s\000e\000t\000u\000\040\040\023\000\040\0007\0000\000\040\000e\000p\000o\000c\000h}{subsection.61}% 48
\BOOKMARK [2][]{subsection.68}{\376\377\000E\000x\000p\000e\000r\000i\000m\000e\000n\000t\000y\000\040\000s\000\040\000b\000i\000n\000a\000r\000i\000z\000\341\000c\000i\000o\000u\000\040\000d\000a\000t\000a\000s\000e\000t\000u}{section.44}% 49
\BOOKMARK [3][]{subsubsection.69}{\376\377\000T\000r\000\351\000n\000i\000n\000g\000\040\000b\000i\000n\000a\000r\000i\000z\000o\000v\000a\000n\000\351\000h\000o\000\040\000d\000a\000t\000a\000s\000e\000t\000u\000\040\040\023\000\040\0003\0000\000\040\000e\000p\000o\000c\000h}{subsection.68}% 50
\BOOKMARK [3][]{subsubsection.71}{\376\377\000T\000r\000\351\000n\000i\000n\000g\000\040\000b\000i\000n\000a\000r\000i\000z\000o\000v\000a\000n\000\351\000h\000o\000\040\000d\000a\000t\000a\000s\000e\000t\000u\000\040\040\023\000\040\0005\0000\000\040\000e\000p\000o\000c\000h}{subsection.68}% 51
\BOOKMARK [3][]{subsubsection.73}{\376\377\000T\000r\000\351\000n\000i\000n\000g\000\040\000b\000i\000n\000a\000r\000i\000z\000o\000v\000a\000n\000\351\000h\000o\000\040\000d\000a\000t\000a\000s\000e\000t\000u\000\040\040\023\000\040\0007\0000\000\040\000e\000p\000o\000c\000h}{subsection.68}% 52
\BOOKMARK [2][]{subsection.75}{\376\377\000E\000x\000p\000e\000r\000i\000m\000e\000n\000t\000y\000\040\000s\000\040\000a\000u\000g\000m\000e\000n\000t\000\341\000c\000i\000o\000u\000\040\000d\000a\000t\000a\000s\000e\000t\000u}{section.44}% 53
\BOOKMARK [3][]{subsubsection.76}{\376\377\000T\000r\000\351\000n\000i\000n\000g\000\040\000s\000\040\000a\000u\000g\000m\000e\000n\000t\000\341\000c\000i\000o\000u\000\040\040\023\000\040\0003\0000\000\040\000e\000p\000o\000c\000h}{subsection.75}% 54
\BOOKMARK [3][]{subsubsection.78}{\376\377\000T\000r\000\351\000n\000i\000n\000g\000\040\000s\000\040\000a\000u\000g\000m\000e\000n\000t\000\341\000c\000i\000o\000u\000\040\040\023\000\040\0005\0000\000\040\000e\000p\000o\000c\000h}{subsection.75}% 55
\BOOKMARK [3][]{subsubsection.80}{\376\377\000T\000r\000\351\000n\000i\000n\000g\000\040\000s\000\040\000a\000u\000g\000m\000e\000n\000t\000\341\000c\000i\000o\000u\000\040\040\023\000\040\0007\0000\000\040\000e\000p\000o\000c\000h}{subsection.75}% 56
\BOOKMARK [2][]{subsection.82}{\376\377\000E\000x\000p\000e\000r\000i\000m\000e\000n\000t\000y\000\040\000s\000\040\000p\000o\001\015\000t\000o\000m\000\040\000e\000p\000o\000c\000h\000\040\0002\0000\0000\000\040\000a\000\040\000p\000a\000t\000i\000e\000n\000c\000e\000\040\0002\0000}{section.44}% 57
\BOOKMARK [3][]{subsubsection.83}{\376\377\000T\000r\000\351\000n\000i\000n\000g\000\040\000s\000\040\000p\000o\001\015\000t\000o\000m\000\040\000e\000p\000o\000c\000h\000\040\0002\0000\0000\000\040\000a\000\040\000p\000a\000t\000i\000e\000n\000c\000e\000\040\0002\0000\000\040\000s\000\040\000p\000\364\000v\000o\000d\000n\000\375\000m\000\040\000d\000a\000t\000a\000s\000e\000t\000o\000m}{subsection.82}% 58
\BOOKMARK [3][]{subsubsection.85}{\376\377\000T\000r\000\351\000n\000i\000n\000g\000\040\000s\000\040\000p\000o\001\015\000t\000o\000m\000\040\000e\000p\000o\000c\000h\000\040\0002\0000\0000\000\040\000a\000\040\000p\000a\000t\000i\000e\000n\000c\000e\000\040\0002\0000\000\040\000s\000\040\000b\000i\000n\000a\000r\000i\000z\000o\000v\000a\000n\000\375\000m\000\040\000d\000a\000t\000a\000s\000e\000t\000o\000m}{subsection.82}% 59
\BOOKMARK [3][]{subsubsection.87}{\376\377\000T\000r\000\351\000n\000i\000n\000g\000\040\000s\000\040\000p\000o\001\015\000t\000o\000m\000\040\000e\000p\000o\000c\000h\000\040\0002\0000\0000\000\040\000a\000\040\000p\000a\000t\000i\000e\000n\000c\000e\000\040\0002\0000\000\040\000s\000\040\000a\000u\000g\000m\000e\000n\000t\000o\000v\000a\000n\000\375\000m\000\040\000d\000a\000t\000a\000s\000e\000t\000o\000m}{subsection.82}% 60
\BOOKMARK [3][]{subsubsection.89}{\376\377\000P\000o\000r\000o\000v\000n\000a\000n\000i\000e\000\040\000v\000\375\000s\000l\000e\000d\000k\000o\000v}{subsection.82}% 61
\BOOKMARK [2][]{subsection.90}{\376\377\000E\000x\000p\000e\000r\000i\000m\000e\000n\000t\000y\000\040\000s\000\040\000p\000o\001\015\000t\000o\000m\000\040\000e\000p\000o\000c\000h\000\040\0002\0000\0000\000\040\000a\000\040\000p\000a\000t\000i\000e\000n\000c\000e\000\040\0004\0000}{section.44}% 62
\BOOKMARK [3][]{subsubsection.91}{\376\377\000T\000r\000\351\000n\000i\000n\000g\000\040\000s\000\040\000p\000o\001\015\000t\000o\000m\000\040\000e\000p\000o\000c\000h\000\040\0002\0000\0000\000\040\000a\000\040\000p\000a\000t\000i\000e\000n\000c\000e\000\040\0004\0000\000\040\000s\000\040\000p\000\364\000v\000o\000d\000n\000\375\000m\000\040\000d\000a\000t\000a\000s\000e\000t\000o\000m}{subsection.90}% 63
\BOOKMARK [3][]{subsubsection.93}{\376\377\000T\000r\000\351\000n\000i\000n\000g\000\040\000s\000\040\000p\000o\001\015\000t\000o\000m\000\040\000e\000p\000o\000c\000h\000\040\0002\0000\0000\000\040\000a\000\040\000p\000a\000t\000i\000e\000n\000c\000e\000\040\0004\0000\000\040\000s\000\040\000b\000i\000n\000a\000r\000i\000z\000o\000v\000a\000n\000\375\000m\000\040\000d\000a\000t\000a\000s\000e\000t\000o\000m}{subsection.90}% 64
\BOOKMARK [3][]{subsubsection.95}{\376\377\000T\000r\000\351\000n\000i\000n\000g\000\040\000s\000\040\000p\000o\001\015\000t\000o\000m\000\040\000e\000p\000o\000c\000h\000\040\0002\0000\0000\000\040\000a\000\040\000p\000a\000t\000i\000e\000n\000c\000e\000\040\0004\0000\000\040\000s\000\040\000a\000u\000g\000m\000e\000n\000t\000o\000v\000a\000n\000\375\000m\000\040\000d\000a\000t\000a\000s\000e\000t\000o\000m}{subsection.90}% 65
\BOOKMARK [3][]{subsubsection.97}{\376\377\000P\000o\000r\000o\000v\000n\000a\000n\000i\000e\000\040\000v\000\375\000s\000l\000e\000d\000k\000o\000v}{subsection.90}% 66
\BOOKMARK [2][]{subsection.98}{\376\377\000E\000x\000p\000e\000r\000i\000m\000e\000n\000t\000y\000\040\000s\000\040\000p\000o\001\015\000t\000o\000m\000\040\000e\000p\000o\000c\000h\000\040\0003\0000\0000\000\040\000a\000\040\000p\000a\000t\000i\000e\000n\000c\000e\000\040\0005\0000}{section.44}% 67
\BOOKMARK [3][]{subsubsection.99}{\376\377\000T\000r\000\351\000n\000i\000n\000g\000\040\000s\000\040\000p\000o\001\015\000t\000o\000m\000\040\000e\000p\000o\000c\000h\000\040\0003\0000\0000\000\040\000a\000\040\000p\000a\000t\000i\000e\000n\000c\000e\000\040\0005\0000\000\040\000s\000\040\000p\000\364\000v\000o\000d\000n\000\375\000m\000\040\000d\000a\000t\000a\000s\000e\000t\000o\000m}{subsection.98}% 68
\BOOKMARK [3][]{subsubsection.101}{\376\377\000T\000r\000\351\000n\000i\000n\000g\000\040\000s\000\040\000p\000o\001\015\000t\000o\000m\000\040\000e\000p\000o\000c\000h\000\040\0003\0000\0000\000\040\000a\000\040\000p\000a\000t\000i\000e\000n\000c\000e\000\040\0005\0000\000\040\000s\000\040\000b\000i\000n\000a\000r\000i\000z\000o\000v\000a\000n\000\375\000m\000\040\000d\000a\000t\000a\000s\000e\000t\000o\000m}{subsection.98}% 69
\BOOKMARK [3][]{subsubsection.103}{\376\377\000T\000r\000\351\000n\000i\000n\000g\000\040\000s\000\040\000p\000o\001\015\000t\000o\000m\000\040\000e\000p\000o\000c\000h\000\040\0003\0000\0000\000\040\000a\000\040\000p\000a\000t\000i\000e\000n\000c\000e\000\040\0005\0000\000\040\000s\000\040\000a\000u\000g\000m\000e\000n\000t\000o\000v\000a\000n\000\375\000m\000\040\000d\000a\000t\000a\000s\000e\000t\000o\000m}{subsection.98}% 70
\BOOKMARK [3][]{subsubsection.105}{\376\377\000P\000o\000r\000o\000v\000n\000a\000n\000i\000e\000\040\000v\000\375\000s\000l\000e\000d\000k\000o\000v}{subsection.98}% 71
\BOOKMARK [2][]{subsection.106}{\376\377\000E\000x\000p\000e\000r\000i\000m\000e\000n\000t\000\040\000s\000\040\000p\000o\001\015\000t\000o\000m\000\040\000e\000p\000o\000c\000h\000\040\0003\0000\0000\000\040\000b\000e\000z\000\040\000p\000o\000u\001\176\000i\000t\000i\000a\000\040\000e\000a\000r\000l\000y\000\040\000s\000t\000o\000p\000p\000i\000n\000g\000u}{section.44}% 72
\BOOKMARK [3][]{subsubsection.107}{\376\377\000E\000x\000p\000e\000r\000i\000m\000e\000n\000t\000\040\000s\000\040\000p\000o\001\015\000t\000o\000m\000\040\000e\000p\000o\000c\000h\000\040\0003\0000\0000}{subsection.106}% 73
\BOOKMARK [3][]{subsubsection.109}{\376\377\000E\000x\000p\000e\000r\000i\000m\000e\000n\000t\000\040\000s\000\040\000p\000o\001\015\000t\000o\000m\000\040\000e\000p\000o\000c\000h\000\040\0003\0000\0000\000\040\000s\000\040\000b\000i\000n\000a\000r\000i\000z\000o\000v\000a\000n\000\375\000m\000\040\000d\000a\000t\000a\000s\000e\000t\000o\000m}{subsection.106}% 74
\BOOKMARK [3][]{subsubsection.111}{\376\377\000E\000x\000p\000e\000r\000i\000m\000e\000n\000t\000\040\000s\000\040\000p\000o\001\015\000t\000o\000m\000\040\000e\000p\000o\000c\000h\000\040\0003\0000\0000\000\040\000s\000\040\000a\000u\000g\000m\000e\000n\000t\000o\000v\000a\000n\000\375\000m\000\040\000d\000a\000t\000a\000s\000e\000t\000o\000m}{subsection.106}% 75
\BOOKMARK [3][]{subsubsection.113}{\376\377\000P\000o\000r\000o\000v\000n\000a\000n\000i\000e\000\040\000v\000\375\000s\000l\000e\000d\000k\000o\000v}{subsection.106}% 76
\BOOKMARK [1][]{section.114}{\376\377\000V\000\375\000s\000l\000e\000d\000k\000y\000\040\000a\000\040\000d\000i\000s\000k\000u\000s\000i\000a}{}% 77
\BOOKMARK [2][]{subsection.115}{\376\377\000P\000r\000e\000z\000e\000n\000t\000\341\000c\000i\000a\000\040\000v\000\375\000s\000l\000e\000d\000k\000o\000v\000\040\000t\000r\000\351\000n\000i\000n\000g\000u}{section.114}% 78
\BOOKMARK [3][]{subsubsection.116}{\376\377\000V\000\375\000s\000l\000e\000d\000k\000y\000\040\000m\000o\000d\000e\000l\000u\000\040\000t\000r\000\351\000n\000o\000v\000a\000n\000\351\000h\000o\000\040\000n\000a\000\040\000p\000\364\000v\000o\000d\000n\000o\000m\000\040\000d\000a\000t\000a\000s\000e\000t\000e}{subsection.115}% 79
\BOOKMARK [2][]{subsection.117}{\376\377\000P\000r\000e\000z\000e\000n\000t\000\341\000c\000i\000a\000\040\000v\000\375\000s\000l\000e\000d\000k\000o\000v\000\040\000t\000r\000\351\000n\000i\000n\000g\000u}{section.114}% 80
\BOOKMARK [2][]{subsection.118}{\376\377\000P\000o\000r\000o\000v\000n\000a\000n\000i\000e\000\040\000v\000\375\000k\000o\000n\000n\000o\000s\000t\000i\000\040\000m\000o\000d\000e\000l\000o\000v}{section.114}% 81
\BOOKMARK [2][]{subsection.119}{\376\377\000A\000n\000a\000l\000\375\000z\000a\000\040\000v\000p\000l\000y\000v\000u\000\040\000p\000r\000e\000d\000s\000p\000r\000a\000c\000o\000v\000a\000n\000i\000a\000\040